120
1465 4996
15 1436
1011 1419
21 996
52 988
83 969
103 945
105 928
681 927
116 654
133 652
155 614
205 589
235 576
343 572
311 322
453 562
391 396
354 377
499 532
735 923
788 918
797 821
1246 1416
1031 1227
1033 1218
1045 1204
1148 1197
1065 1103
1375 1414
1284 1354
4174 4990
4086 4168
3987 4085
1678 3985
1476 1670
1594 1658
1483 1582
1524 1544
1597 1626
3743 3948
1687 3708
1702 3690
3659 3686
3212 3645
1718 3204
1741 3177
1832 3172
1796 1831
1837 3154
3110 3134
3106 3108
2155 3100
1843 2149
1924 2148
1844 1904
1853 1860
2139 2144
2097 2126
2058 2074
2005 2043
1928 1983
1930 1974
3028 3097
2166 3022
2170 3010
2212 2961
2199 2203
2897 2958
2216 2890
2858 2868
2221 2832
2242 2826
2691 2818
2243 2676
2284 2649
2587 2611
2468 2578
2289 2457
2322 2448
2434 2436
2329 2397
2494 2552
2721 2771
2696 2713
3045 3096
3246 3635
3314 3621
3264 3285
3364 3593
3366 3564
3502 3550
3386 3480
3422 3468
3430 3438
3760 3922
3848 3892
3771 3825
3880 3888
3988 4048
4097 4118
4247 4972
4221 4239
4945 4961
4255 4923
4260 4917
4846 4913
4265 4803
4363 4789
4306 4353
4391 4787
4379 4389
4636 4781
4414 4611
4533 4604
4483 4511
4421 4456
4747 4752
4658 4746
4852 4893
